<?xml version="1.0" encoding="UTF-8"?>
<!-- Generated by org.testng.reporters.JUnitReportReporter -->
<testsuite skipped="1" hostname="it-PC" name="com.qa.hubspot.tests.LoginPageTest" tests="4" failures="0" timestamp="07 Mar 2020 20:22:32 GMT" time="15.795" errors="0">
  <testcase name="verifyLoginPageTitleTest" time="6.481" classname="com.qa.hubspot.tests.LoginPageTest"/>
  <testcase name="verifySignUpLink" time="1.285" classname="com.qa.hubspot.tests.LoginPageTest"/>
  <testcase name="loginTest" time="8.029" classname="com.qa.hubspot.tests.LoginPageTest"/>
  <testcase name="invalidTestCase" classname="com.qa.hubspot.tests.LoginPageTest">
    <skipped/>
  </testcase> <!-- invalidTestCase -->
</testsuite> <!-- com.qa.hubspot.tests.LoginPageTest -->
