<?xml version="1.0" encoding="UTF-8"?>
<!-- Generated by org.testng.reporters.JUnitReportReporter -->
<testsuite skipped="1" hostname="it-PC" name="com.qa.hubspot.tests.LoginPageTest" tests="4" failures="0" timestamp="11 May 2020 13:19:19 GMT" time="13.396" errors="0">
  <testcase name="verifyLoginPageTitleTest" time="5.744" classname="com.qa.hubspot.tests.LoginPageTest"/>
  <testcase name="verifySignUpLink" time="1.032" classname="com.qa.hubspot.tests.LoginPageTest"/>
  <testcase name="loginTest" time="6.620" classname="com.qa.hubspot.tests.LoginPageTest"/>
  <testcase name="invalidTestCase" classname="com.qa.hubspot.tests.LoginPageTest">
    <skipped/>
  </testcase> <!-- invalidTestCase -->
</testsuite> <!-- com.qa.hubspot.tests.LoginPageTest -->
