<?xml version="1.0" encoding="UTF-8"?>
<!-- Generated by org.testng.reporters.JUnitReportReporter -->
<testsuite skipped="1" hostname="it-PC" name="com.qa.hubspot.tests.HomePageTest" tests="3" failures="0" timestamp="07 Mar 2020 20:22:32 GMT" time="3.879" errors="0">
  <testcase name="HomePageTitleTest" time="1.998" classname="com.qa.hubspot.tests.HomePageTest"/>
  <testcase name="verifyHomePageHeaderTest" time="1.881" classname="com.qa.hubspot.tests.HomePageTest"/>
  <testcase name="verifyLoggedInUserTest" classname="com.qa.hubspot.tests.HomePageTest">
    <skipped/>
  </testcase> <!-- verifyLoggedInUserTest -->
</testsuite> <!-- com.qa.hubspot.tests.HomePageTest -->
